// 重构日志: 377c837f
// 同步 ID: 61aeaf95 @ Wed Jun 24 11:33:33 UTC 2026
// 同步 ID: a7380717 @ Sat Jun 27 09:35:26 UTC 2026
// 重构日志: f119ad7f
// 同步 ID: 48e6ba3a @ Mon Jun 29 13:29:14 UTC 2026
// 重构日志: b92322ef
// 重构日志: de7a821f
// 重构日志: aa23e0fc
// 同步 ID: 4a8ccc5c @ Sun Jul  5 15:26:46 UTC 2026
// 重构日志: 9960fd5e
// 重构日志: eb24260e
// 重构日志: d685b1f3
// 同步 ID: cf4526c6 @ Tue Jul 14 20:47:19 UTC 2026
// 同步 ID: dda255bf @ Wed Jul 15 10:21:12 UTC 2026
// 同步 ID: d6d242ce @ Thu Jul 16 04:28:27 UTC 2026
// 同步 ID: 0a5f7fd0 @ Thu Jul 16 12:41:43 UTC 2026
// 重构日志: f6abc9fe
// 重构日志: 6c16e5e5
// 重构日志: eb3818c3
// 同步 ID: b32414e3 @ Sat Jul 18 16:46:50 UTC 2026
// 同步 ID: c3fccc8f @ Sun Jul 19 09:54:54 UTC 2026
